{"C:\\Users\\simon\\CyberDojo\\server\\Autenticazione\\dao\\delDAO.js": {"path":"C:\\Users\\simon\\CyberDojo\\server\\Autenticazione\\dao\\delDAO.js","statementMap":{"0":{"start":{"line":1,"column":20},"end":{"line":1,"column":51}},"1":{"start":{"line":2,"column":31},"end":{"line":2,"column":76}},"2":{"start":{"line":3,"column":28},"end":{"line":3,"column":69}},"3":{"start":{"line":7,"column":15},"end":{"line":7,"column":30}},"4":{"start":{"line":9,"column":4},"end":{"line":32,"column":5}},"5":{"start":{"line":11,"column":27},"end":{"line":13,"column":32}},"6":{"start":{"line":15,"column":6},"end":{"line":17,"column":7}},"7":{"start":{"line":16,"column":8},"end":{"line":16,"column":46}},"8":{"start":{"line":20,"column":6},"end":{"line":20,"column":60}},"9":{"start":{"line":23,"column":6},"end":{"line":23,"column":77}},"10":{"start":{"line":26,"column":6},"end":{"line":26,"column":58}},"11":{"start":{"line":28,"column":6},"end":{"line":28,"column":31}},"12":{"start":{"line":30,"column":6},"end":{"line":30,"column":75}},"13":{"start":{"line":31,"column":6},"end":{"line":31,"column":18}},"14":{"start":{"line":36,"column":0},"end":{"line":36,"column":24}}},"fnMap":{"0":{"name":"(anonymous_0)","decl":{"start":{"line":6,"column":2},"end":{"line":6,"column":3}},"loc":{"start":{"line":6,"column":36},"end":{"line":33,"column":3}},"line":6}},"branchMap":{"0":{"loc":{"start":{"line":15,"column":6},"end":{"line":17,"column":7}},"type":"if","locations":[{"start":{"line":15,"column":6},"end":{"line":17,"column":7}},{"start":{},"end":{}}],"line":15}},"s":{"0":1,"1":1,"2":1,"3":2,"4":2,"5":2,"6":2,"7":1,"8":1,"9":1,"10":1,"11":1,"12":1,"13":1,"14":1},"f":{"0":2},"b":{"0":[1,1]},"_coverageSchema":"1a1c01bbd47fc00a2c39e90264f33305004495a9","hash":"49fab2f68a2c23be62c9c99eda2432776232ada1"}
,"C:\\Users\\simon\\CyberDojo\\server\\Autenticazione\\dao\\userDao.js": {"path":"C:\\Users\\simon\\CyberDojo\\server\\Autenticazione\\dao\\userDao.js","statementMap":{"0":{"start":{"line":1,"column":20},"end":{"line":1,"column":51}},"1":{"start":{"line":2,"column":21},"end":{"line":2,"column":39}},"2":{"start":{"line":3,"column":28},"end":{"line":3,"column":69}},"3":{"start":{"line":4,"column":31},"end":{"line":4,"column":76}},"4":{"start":{"line":5,"column":31},"end":{"line":5,"column":83}},"5":{"start":{"line":10,"column":15},"end":{"line":10,"column":30}},"6":{"start":{"line":11,"column":4},"end":{"line":11,"column":55}},"7":{"start":{"line":16,"column":15},"end":{"line":16,"column":30}},"8":{"start":{"line":17,"column":4},"end":{"line":17,"column":52}},"9":{"start":{"line":22,"column":15},"end":{"line":22,"column":30}},"10":{"start":{"line":23,"column":4},"end":{"line":25,"column":55}},"11":{"start":{"line":30,"column":15},"end":{"line":30,"column":30}},"12":{"start":{"line":31,"column":4},"end":{"line":31,"column":55}},"13":{"start":{"line":36,"column":15},"end":{"line":36,"column":30}},"14":{"start":{"line":38,"column":4},"end":{"line":38,"column":84}},"15":{"start":{"line":39,"column":4},"end":{"line":39,"column":85}},"16":{"start":{"line":40,"column":4},"end":{"line":40,"column":85}},"17":{"start":{"line":44,"column":0},"end":{"line":44,"column":25}}},"fnMap":{"0":{"name":"(anonymous_0)","decl":{"start":{"line":9,"column":2},"end":{"line":9,"column":3}},"loc":{"start":{"line":9,"column":44},"end":{"line":12,"column":3}},"line":9},"1":{"name":"(anonymous_1)","decl":{"start":{"line":15,"column":2},"end":{"line":15,"column":3}},"loc":{"start":{"line":15,"column":38},"end":{"line":18,"column":3}},"line":15},"2":{"name":"(anonymous_2)","decl":{"start":{"line":21,"column":2},"end":{"line":21,"column":3}},"loc":{"start":{"line":21,"column":50},"end":{"line":26,"column":3}},"line":21},"3":{"name":"(anonymous_3)","decl":{"start":{"line":29,"column":2},"end":{"line":29,"column":3}},"loc":{"start":{"line":29,"column":40},"end":{"line":32,"column":3}},"line":29},"4":{"name":"(anonymous_4)","decl":{"start":{"line":35,"column":2},"end":{"line":35,"column":3}},"loc":{"start":{"line":35,"column":66},"end":{"line":41,"column":3}},"line":35}},"branchMap":{},"s":{"0":1,"1":1,"2":1,"3":1,"4":1,"5":0,"6":0,"7":0,"8":0,"9":3,"10":3,"11":0,"12":0,"13":0,"14":0,"15":0,"16":0,"17":1},"f":{"0":0,"1":0,"2":3,"3":0,"4":0},"b":{},"_coverageSchema":"1a1c01bbd47fc00a2c39e90264f33305004495a9","hash":"37b74f33ee93411dd06cde29e2810dd61d720229"}
,"C:\\Users\\simon\\CyberDojo\\server\\Corsi\\dao\\courseDAO.js": {"path":"C:\\Users\\simon\\CyberDojo\\server\\Corsi\\dao\\courseDAO.js","statementMap":{"0":{"start":{"line":1,"column":20},"end":{"line":1,"column":51}},"1":{"start":{"line":6,"column":15},"end":{"line":6,"column":30}},"2":{"start":{"line":7,"column":20},"end":{"line":7,"column":67}},"3":{"start":{"line":8,"column":4},"end":{"line":8,"column":19}},"4":{"start":{"line":13,"column":15},"end":{"line":13,"column":30}},"5":{"start":{"line":14,"column":19},"end":{"line":14,"column":79}},"6":{"start":{"line":15,"column":4},"end":{"line":17,"column":5}},"7":{"start":{"line":16,"column":6},"end":{"line":16,"column":43}},"8":{"start":{"line":18,"column":4},"end":{"line":18,"column":26}},"9":{"start":{"line":23,"column":15},"end":{"line":23,"column":30}},"10":{"start":{"line":24,"column":4},"end":{"line":24,"column":63}},"11":{"start":{"line":29,"column":15},"end":{"line":29,"column":30}},"12":{"start":{"line":30,"column":20},"end":{"line":30,"column":59}},"13":{"start":{"line":32,"column":4},"end":{"line":43,"column":6}},"14":{"start":{"line":48,"column":15},"end":{"line":48,"column":30}},"15":{"start":{"line":49,"column":17},"end":{"line":49,"column":66}},"16":{"start":{"line":50,"column":4},"end":{"line":52,"column":5}},"17":{"start":{"line":51,"column":6},"end":{"line":51,"column":44}},"18":{"start":{"line":53,"column":4},"end":{"line":53,"column":33}},"19":{"start":{"line":58,"column":15},"end":{"line":58,"column":30}},"20":{"start":{"line":59,"column":17},"end":{"line":59,"column":66}},"21":{"start":{"line":60,"column":4},"end":{"line":62,"column":5}},"22":{"start":{"line":61,"column":6},"end":{"line":61,"column":44}},"23":{"start":{"line":63,"column":19},"end":{"line":63,"column":94}},"24":{"start":{"line":63,"column":60},"end":{"line":63,"column":93}},"25":{"start":{"line":64,"column":4},"end":{"line":64,"column":18}},"26":{"start":{"line":69,"column":13},"end":{"line":69,"column":28}},"27":{"start":{"line":70,"column":2},"end":{"line":102,"column":3}},"28":{"start":{"line":72,"column":19},"end":{"line":72,"column":72}},"29":{"start":{"line":73,"column":4},"end":{"line":75,"column":5}},"30":{"start":{"line":74,"column":6},"end":{"line":74,"column":43}},"31":{"start":{"line":78,"column":27},"end":{"line":78,"column":90}},"32":{"start":{"line":78,"column":62},"end":{"line":78,"column":89}},"33":{"start":{"line":79,"column":4},"end":{"line":81,"column":5}},"34":{"start":{"line":80,"column":6},"end":{"line":80,"column":55}},"35":{"start":{"line":83,"column":29},"end":{"line":83,"column":92}},"36":{"start":{"line":84,"column":31},"end":{"line":84,"column":116}},"37":{"start":{"line":84,"column":66},"end":{"line":84,"column":115}},"38":{"start":{"line":86,"column":4},"end":{"line":98,"column":3}},"39":{"start":{"line":88,"column":4},"end":{"line":88,"column":52}},"40":{"start":{"line":90,"column":4},"end":{"line":93,"column":6}},"41":{"start":{"line":95,"column":4},"end":{"line":95,"column":52}},"42":{"start":{"line":97,"column":4},"end":{"line":97,"column":30}},"43":{"start":{"line":100,"column":4},"end":{"line":100,"column":58}},"44":{"start":{"line":101,"column":4},"end":{"line":101,"column":16}},"45":{"start":{"line":106,"column":0},"end":{"line":106,"column":27}}},"fnMap":{"0":{"name":"(anonymous_0)","decl":{"start":{"line":5,"column":2},"end":{"line":5,"column":3}},"loc":{"start":{"line":5,"column":31},"end":{"line":9,"column":3}},"line":5},"1":{"name":"(anonymous_1)","decl":{"start":{"line":12,"column":2},"end":{"line":12,"column":3}},"loc":{"start":{"line":12,"column":50},"end":{"line":19,"column":3}},"line":12},"2":{"name":"(anonymous_2)","decl":{"start":{"line":22,"column":2},"end":{"line":22,"column":3}},"loc":{"start":{"line":22,"column":39},"end":{"line":25,"column":3}},"line":22},"3":{"name":"(anonymous_3)","decl":{"start":{"line":28,"column":2},"end":{"line":28,"column":3}},"loc":{"start":{"line":28,"column":48},"end":{"line":44,"column":3}},"line":28},"4":{"name":"(anonymous_4)","decl":{"start":{"line":47,"column":2},"end":{"line":47,"column":3}},"loc":{"start":{"line":47,"column":44},"end":{"line":54,"column":3}},"line":47},"5":{"name":"(anonymous_5)","decl":{"start":{"line":57,"column":2},"end":{"line":57,"column":3}},"loc":{"start":{"line":57,"column":49},"end":{"line":65,"column":3}},"line":57},"6":{"name":"(anonymous_6)","decl":{"start":{"line":63,"column":46},"end":{"line":63,"column":47}},"loc":{"start":{"line":63,"column":60},"end":{"line":63,"column":93}},"line":63},"7":{"name":"(anonymous_7)","decl":{"start":{"line":68,"column":0},"end":{"line":68,"column":1}},"loc":{"start":{"line":68,"column":65},"end":{"line":103,"column":1}},"line":68},"8":{"name":"(anonymous_8)","decl":{"start":{"line":78,"column":52},"end":{"line":78,"column":53}},"loc":{"start":{"line":78,"column":62},"end":{"line":78,"column":89}},"line":78},"9":{"name":"(anonymous_9)","decl":{"start":{"line":84,"column":56},"end":{"line":84,"column":57}},"loc":{"start":{"line":84,"column":66},"end":{"line":84,"column":115}},"line":84}},"branchMap":{"0":{"loc":{"start":{"line":15,"column":4},"end":{"line":17,"column":5}},"type":"if","locations":[{"start":{"line":15,"column":4},"end":{"line":17,"column":5}},{"start":{},"end":{}}],"line":15},"1":{"loc":{"start":{"line":50,"column":4},"end":{"line":52,"column":5}},"type":"if","locations":[{"start":{"line":50,"column":4},"end":{"line":52,"column":5}},{"start":{},"end":{}}],"line":50},"2":{"loc":{"start":{"line":60,"column":4},"end":{"line":62,"column":5}},"type":"if","locations":[{"start":{"line":60,"column":4},"end":{"line":62,"column":5}},{"start":{},"end":{}}],"line":60},"3":{"loc":{"start":{"line":73,"column":4},"end":{"line":75,"column":5}},"type":"if","locations":[{"start":{"line":73,"column":4},"end":{"line":75,"column":5}},{"start":{},"end":{}}],"line":73},"4":{"loc":{"start":{"line":79,"column":4},"end":{"line":81,"column":5}},"type":"if","locations":[{"start":{"line":79,"column":4},"end":{"line":81,"column":5}},{"start":{},"end":{}}],"line":79},"5":{"loc":{"start":{"line":86,"column":4},"end":{"line":98,"column":3}},"type":"if","locations":[{"start":{"line":86,"column":4},"end":{"line":98,"column":3}},{"start":{},"end":{}}],"line":86}},"s":{"0":1,"1":0,"2":0,"3":0,"4":0,"5":0,"6":0,"7":0,"8":0,"9":0,"10":0,"11":2,"12":2,"13":2,"14":2,"15":2,"16":1,"17":0,"18":1,"19":0,"20":0,"21":0,"22":0,"23":0,"24":0,"25":0,"26":0,"27":0,"28":0,"29":0,"30":0,"31":0,"32":0,"33":0,"34":0,"35":0,"36":0,"37":0,"38":0,"39":0,"40":0,"41":0,"42":0,"43":0,"44":0,"45":1},"f":{"0":0,"1":0,"2":0,"3":2,"4":2,"5":0,"6":0,"7":0,"8":0,"9":0},"b":{"0":[0,0],"1":[0,1],"2":[0,0],"3":[0,0],"4":[0,0],"5":[0,0]},"_coverageSchema":"1a1c01bbd47fc00a2c39e90264f33305004495a9","hash":"403747d52a4ab0acf6b2a76098be6a1349f9d750"}
,"C:\\Users\\simon\\CyberDojo\\server\\Premi\\externalRewardsService.js": {"path":"C:\\Users\\simon\\CyberDojo\\server\\Premi\\externalRewardsService.js","statementMap":{"0":{"start":{"line":1,"column":24},"end":{"line":1,"column":56}},"1":{"start":{"line":6,"column":4},"end":{"line":6,"column":57}},"2":{"start":{"line":11,"column":23},"end":{"line":14,"column":5}},"3":{"start":{"line":16,"column":4},"end":{"line":16,"column":45}},"4":{"start":{"line":21,"column":4},"end":{"line":21,"column":85}},"5":{"start":{"line":25,"column":0},"end":{"line":25,"column":40}}},"fnMap":{"0":{"name":"(anonymous_0)","decl":{"start":{"line":5,"column":2},"end":{"line":5,"column":3}},"loc":{"start":{"line":5,"column":39},"end":{"line":7,"column":3}},"line":5},"1":{"name":"(anonymous_1)","decl":{"start":{"line":10,"column":2},"end":{"line":10,"column":3}},"loc":{"start":{"line":10,"column":66},"end":{"line":17,"column":3}},"line":10},"2":{"name":"(anonymous_2)","decl":{"start":{"line":20,"column":2},"end":{"line":20,"column":3}},"loc":{"start":{"line":20,"column":67},"end":{"line":22,"column":3}},"line":20}},"branchMap":{"0":{"loc":{"start":{"line":16,"column":11},"end":{"line":16,"column":44}},"type":"cond-expr","locations":[{"start":{"line":16,"column":32},"end":{"line":16,"column":37}},{"start":{"line":16,"column":40},"end":{"line":16,"column":44}}],"line":16}},"s":{"0":1,"1":0,"2":0,"3":0,"4":0,"5":1},"f":{"0":0,"1":0,"2":0},"b":{"0":[0,0]},"_coverageSchema":"1a1c01bbd47fc00a2c39e90264f33305004495a9","hash":"0c13e94d9f4e0eaf2ebb5ec85670914aa024ad13"}
,"C:\\Users\\simon\\CyberDojo\\server\\Premi\\dao\\userProgressDAO.js": {"path":"C:\\Users\\simon\\CyberDojo\\server\\Premi\\dao\\userProgressDAO.js","statementMap":{"0":{"start":{"line":1,"column":20},"end":{"line":1,"column":51}},"1":{"start":{"line":2,"column":21},"end":{"line":2,"column":39}},"2":{"start":{"line":8,"column":15},"end":{"line":8,"column":30}},"3":{"start":{"line":9,"column":17},"end":{"line":9,"column":66}},"4":{"start":{"line":10,"column":4},"end":{"line":10,"column":16}},"5":{"start":{"line":15,"column":15},"end":{"line":15,"column":30}},"6":{"start":{"line":16,"column":4},"end":{"line":16,"column":80}},"7":{"start":{"line":21,"column":15},"end":{"line":21,"column":30}},"8":{"start":{"line":22,"column":4},"end":{"line":22,"column":60}},"9":{"start":{"line":27,"column":15},"end":{"line":27,"column":30}},"10":{"start":{"line":28,"column":4},"end":{"line":30,"column":54}},"11":{"start":{"line":35,"column":15},"end":{"line":35,"column":30}},"12":{"start":{"line":36,"column":4},"end":{"line":36,"column":75}},"13":{"start":{"line":41,"column":15},"end":{"line":41,"column":30}},"14":{"start":{"line":42,"column":19},"end":{"line":42,"column":76}},"15":{"start":{"line":43,"column":4},"end":{"line":43,"column":39}},"16":{"start":{"line":48,"column":15},"end":{"line":48,"column":30}},"17":{"start":{"line":49,"column":4},"end":{"line":52,"column":7}},"18":{"start":{"line":57,"column":15},"end":{"line":57,"column":30}},"19":{"start":{"line":59,"column":4},"end":{"line":62,"column":6}},"20":{"start":{"line":67,"column":0},"end":{"line":67,"column":33}}},"fnMap":{"0":{"name":"(anonymous_0)","decl":{"start":{"line":7,"column":2},"end":{"line":7,"column":3}},"loc":{"start":{"line":7,"column":44},"end":{"line":11,"column":3}},"line":7},"1":{"name":"(anonymous_1)","decl":{"start":{"line":14,"column":2},"end":{"line":14,"column":3}},"loc":{"start":{"line":14,"column":47},"end":{"line":17,"column":3}},"line":14},"2":{"name":"(anonymous_2)","decl":{"start":{"line":20,"column":2},"end":{"line":20,"column":3}},"loc":{"start":{"line":20,"column":44},"end":{"line":23,"column":3}},"line":20},"3":{"name":"(anonymous_3)","decl":{"start":{"line":26,"column":2},"end":{"line":26,"column":3}},"loc":{"start":{"line":26,"column":48},"end":{"line":31,"column":3}},"line":26},"4":{"name":"(anonymous_4)","decl":{"start":{"line":34,"column":2},"end":{"line":34,"column":3}},"loc":{"start":{"line":34,"column":40},"end":{"line":37,"column":3}},"line":34},"5":{"name":"(anonymous_5)","decl":{"start":{"line":40,"column":2},"end":{"line":40,"column":3}},"loc":{"start":{"line":40,"column":43},"end":{"line":44,"column":3}},"line":40},"6":{"name":"(anonymous_6)","decl":{"start":{"line":47,"column":2},"end":{"line":47,"column":3}},"loc":{"start":{"line":47,"column":65},"end":{"line":53,"column":3}},"line":47},"7":{"name":"(anonymous_7)","decl":{"start":{"line":56,"column":2},"end":{"line":56,"column":3}},"loc":{"start":{"line":56,"column":67},"end":{"line":64,"column":3}},"line":56}},"branchMap":{"0":{"loc":{"start":{"line":43,"column":11},"end":{"line":43,"column":38}},"type":"cond-expr","locations":[{"start":{"line":43,"column":20},"end":{"line":43,"column":31}},{"start":{"line":43,"column":34},"end":{"line":43,"column":38}}],"line":43}},"s":{"0":1,"1":1,"2":0,"3":0,"4":0,"5":0,"6":0,"7":0,"8":0,"9":0,"10":0,"11":0,"12":0,"13":0,"14":0,"15":0,"16":0,"17":0,"18":0,"19":0,"20":1},"f":{"0":0,"1":0,"2":0,"3":0,"4":0,"5":0,"6":0,"7":0},"b":{"0":[0,0]},"_coverageSchema":"1a1c01bbd47fc00a2c39e90264f33305004495a9","hash":"2c0cfe30d4c044a27b63a0e99479a8d908689894"}
,"C:\\Users\\simon\\CyberDojo\\server\\Segnalazioni\\externalReportsService.js": {"path":"C:\\Users\\simon\\CyberDojo\\server\\Segnalazioni\\externalReportsService.js","statementMap":{"0":{"start":{"line":1,"column":29},"end":{"line":1,"column":66}},"1":{"start":{"line":6,"column":8},"end":{"line":6,"column":94}},"2":{"start":{"line":10,"column":0},"end":{"line":10,"column":40}}},"fnMap":{"0":{"name":"(anonymous_0)","decl":{"start":{"line":5,"column":4},"end":{"line":5,"column":5}},"loc":{"start":{"line":5,"column":69},"end":{"line":7,"column":5}},"line":5}},"branchMap":{},"s":{"0":1,"1":0,"2":1},"f":{"0":0},"b":{},"_coverageSchema":"1a1c01bbd47fc00a2c39e90264f33305004495a9","hash":"cc0fb3cb6112d6d7490d7ab5c496ec7f531b824a"}
,"C:\\Users\\simon\\CyberDojo\\server\\Segnalazioni\\dao\\assistanceRequestDAO.js": {"path":"C:\\Users\\simon\\CyberDojo\\server\\Segnalazioni\\dao\\assistanceRequestDAO.js","statementMap":{"0":{"start":{"line":1,"column":20},"end":{"line":1,"column":51}},"1":{"start":{"line":6,"column":15},"end":{"line":6,"column":30}},"2":{"start":{"line":9,"column":23},"end":{"line":14,"column":14}},"3":{"start":{"line":16,"column":17},"end":{"line":16,"column":62}},"4":{"start":{"line":17,"column":18},"end":{"line":17,"column":28}},"5":{"start":{"line":19,"column":19},"end":{"line":26,"column":5}},"6":{"start":{"line":28,"column":4},"end":{"line":28,"column":53}},"7":{"start":{"line":31,"column":4},"end":{"line":31,"column":58}},"8":{"start":{"line":32,"column":4},"end":{"line":32,"column":22}},"9":{"start":{"line":37,"column":15},"end":{"line":37,"column":30}},"10":{"start":{"line":38,"column":4},"end":{"line":38,"column":67}},"11":{"start":{"line":43,"column":15},"end":{"line":43,"column":30}},"12":{"start":{"line":44,"column":4},"end":{"line":47,"column":17}},"13":{"start":{"line":52,"column":15},"end":{"line":52,"column":30}},"14":{"start":{"line":53,"column":4},"end":{"line":53,"column":55}},"15":{"start":{"line":58,"column":15},"end":{"line":58,"column":30}},"16":{"start":{"line":59,"column":4},"end":{"line":66,"column":6}},"17":{"start":{"line":71,"column":15},"end":{"line":71,"column":30}},"18":{"start":{"line":72,"column":4},"end":{"line":84,"column":6}},"19":{"start":{"line":88,"column":15},"end":{"line":88,"column":30}},"20":{"start":{"line":90,"column":4},"end":{"line":93,"column":5}},"21":{"start":{"line":97,"column":0},"end":{"line":97,"column":38}}},"fnMap":{"0":{"name":"(anonymous_0)","decl":{"start":{"line":5,"column":2},"end":{"line":5,"column":3}},"loc":{"start":{"line":5,"column":64},"end":{"line":33,"column":3}},"line":5},"1":{"name":"(anonymous_1)","decl":{"start":{"line":36,"column":2},"end":{"line":36,"column":3}},"loc":{"start":{"line":36,"column":33},"end":{"line":39,"column":3}},"line":36},"2":{"name":"(anonymous_2)","decl":{"start":{"line":42,"column":2},"end":{"line":42,"column":3}},"loc":{"start":{"line":42,"column":44},"end":{"line":48,"column":3}},"line":42},"3":{"name":"(anonymous_3)","decl":{"start":{"line":51,"column":2},"end":{"line":51,"column":3}},"loc":{"start":{"line":51,"column":31},"end":{"line":54,"column":3}},"line":51},"4":{"name":"(anonymous_4)","decl":{"start":{"line":57,"column":2},"end":{"line":57,"column":3}},"loc":{"start":{"line":57,"column":31},"end":{"line":67,"column":3}},"line":57},"5":{"name":"(anonymous_5)","decl":{"start":{"line":70,"column":2},"end":{"line":70,"column":3}},"loc":{"start":{"line":70,"column":55},"end":{"line":85,"column":3}},"line":70},"6":{"name":"(anonymous_6)","decl":{"start":{"line":87,"column":2},"end":{"line":87,"column":3}},"loc":{"start":{"line":87,"column":67},"end":{"line":94,"column":3}},"line":87}},"branchMap":{"0":{"loc":{"start":{"line":16,"column":17},"end":{"line":16,"column":62}},"type":"cond-expr","locations":[{"start":{"line":16,"column":41},"end":{"line":16,"column":58}},{"start":{"line":16,"column":61},"end":{"line":16,"column":62}}],"line":16}},"s":{"0":2,"1":0,"2":0,"3":0,"4":0,"5":0,"6":0,"7":0,"8":0,"9":0,"10":0,"11":0,"12":0,"13":0,"14":0,"15":0,"16":0,"17":2,"18":2,"19":0,"20":0,"21":2},"f":{"0":0,"1":0,"2":0,"3":0,"4":0,"5":2,"6":0},"b":{"0":[0,0]},"_coverageSchema":"1a1c01bbd47fc00a2c39e90264f33305004495a9","hash":"53bd08aeb16a3851a06e41073ca3ae7da0f217a1"}
,"C:\\Users\\simon\\CyberDojo\\server\\Shop\\externalShopService.js": {"path":"C:\\Users\\simon\\CyberDojo\\server\\Shop\\externalShopService.js","statementMap":{"0":{"start":{"line":1,"column":16},"end":{"line":1,"column":40}},"1":{"start":{"line":6,"column":4},"end":{"line":6,"column":50}},"2":{"start":{"line":11,"column":4},"end":{"line":11,"column":79}},"3":{"start":{"line":15,"column":0},"end":{"line":15,"column":37}}},"fnMap":{"0":{"name":"(anonymous_0)","decl":{"start":{"line":5,"column":2},"end":{"line":5,"column":3}},"loc":{"start":{"line":5,"column":40},"end":{"line":7,"column":3}},"line":5},"1":{"name":"(anonymous_1)","decl":{"start":{"line":10,"column":2},"end":{"line":10,"column":3}},"loc":{"start":{"line":10,"column":69},"end":{"line":12,"column":3}},"line":10}},"branchMap":{},"s":{"0":1,"1":0,"2":0,"3":1},"f":{"0":0,"1":0},"b":{},"_coverageSchema":"1a1c01bbd47fc00a2c39e90264f33305004495a9","hash":"9ae463b760c6983b11799d61f0e836a4945c50cc"}
,"C:\\Users\\simon\\CyberDojo\\server\\Shop\\dao\\shopDAO.js": {"path":"C:\\Users\\simon\\CyberDojo\\server\\Shop\\dao\\shopDAO.js","statementMap":{"0":{"start":{"line":1,"column":20},"end":{"line":1,"column":51}},"1":{"start":{"line":2,"column":21},"end":{"line":2,"column":39}},"2":{"start":{"line":7,"column":15},"end":{"line":7,"column":30}},"3":{"start":{"line":8,"column":4},"end":{"line":8,"column":56}},"4":{"start":{"line":13,"column":15},"end":{"line":13,"column":30}},"5":{"start":{"line":14,"column":17},"end":{"line":16,"column":41}},"6":{"start":{"line":17,"column":4},"end":{"line":19,"column":5}},"7":{"start":{"line":18,"column":6},"end":{"line":18,"column":40}},"8":{"start":{"line":20,"column":4},"end":{"line":20,"column":16}},"9":{"start":{"line":25,"column":15},"end":{"line":25,"column":30}},"10":{"start":{"line":26,"column":19},"end":{"line":29,"column":5}},"11":{"start":{"line":30,"column":4},"end":{"line":30,"column":35}},"12":{"start":{"line":35,"column":15},"end":{"line":35,"column":30}},"13":{"start":{"line":36,"column":22},"end":{"line":36,"column":95}},"14":{"start":{"line":37,"column":18},"end":{"line":37,"column":22}},"15":{"start":{"line":39,"column":4},"end":{"line":52,"column":5}},"16":{"start":{"line":41,"column":28},"end":{"line":46,"column":14}},"17":{"start":{"line":48,"column":17},"end":{"line":48,"column":68}},"18":{"start":{"line":49,"column":18},"end":{"line":49,"column":28}},"19":{"start":{"line":50,"column":4},"end":{"line":50,"column":117}},"20":{"start":{"line":51,"column":4},"end":{"line":51,"column":31}},"21":{"start":{"line":54,"column":4},"end":{"line":57,"column":6}},"22":{"start":{"line":58,"column":4},"end":{"line":58,"column":64}},"23":{"start":{"line":63,"column":15},"end":{"line":63,"column":30}},"24":{"start":{"line":64,"column":4},"end":{"line":64,"column":79}},"25":{"start":{"line":69,"column":15},"end":{"line":69,"column":30}},"26":{"start":{"line":70,"column":22},"end":{"line":72,"column":71}},"27":{"start":{"line":73,"column":4},"end":{"line":73,"column":30}},"28":{"start":{"line":78,"column":15},"end":{"line":78,"column":30}},"29":{"start":{"line":79,"column":4},"end":{"line":81,"column":50}},"30":{"start":{"line":86,"column":15},"end":{"line":86,"column":30}},"31":{"start":{"line":87,"column":4},"end":{"line":92,"column":8}},"32":{"start":{"line":97,"column":15},"end":{"line":97,"column":30}},"33":{"start":{"line":98,"column":24},"end":{"line":98,"column":26}},"34":{"start":{"line":99,"column":4},"end":{"line":99,"column":34}},"35":{"start":{"line":100,"column":19},"end":{"line":102,"column":53}},"36":{"start":{"line":103,"column":4},"end":{"line":103,"column":36}},"37":{"start":{"line":108,"column":15},"end":{"line":108,"column":30}},"38":{"start":{"line":110,"column":4},"end":{"line":113,"column":6}},"39":{"start":{"line":117,"column":0},"end":{"line":117,"column":25}}},"fnMap":{"0":{"name":"(anonymous_0)","decl":{"start":{"line":6,"column":2},"end":{"line":6,"column":3}},"loc":{"start":{"line":6,"column":26},"end":{"line":9,"column":3}},"line":6},"1":{"name":"(anonymous_1)","decl":{"start":{"line":12,"column":2},"end":{"line":12,"column":3}},"loc":{"start":{"line":12,"column":35},"end":{"line":21,"column":3}},"line":12},"2":{"name":"(anonymous_2)","decl":{"start":{"line":24,"column":2},"end":{"line":24,"column":3}},"loc":{"start":{"line":24,"column":48},"end":{"line":31,"column":3}},"line":24},"3":{"name":"(anonymous_3)","decl":{"start":{"line":34,"column":2},"end":{"line":34,"column":3}},"loc":{"start":{"line":34,"column":50},"end":{"line":59,"column":3}},"line":34},"4":{"name":"(anonymous_4)","decl":{"start":{"line":62,"column":2},"end":{"line":62,"column":3}},"loc":{"start":{"line":62,"column":42},"end":{"line":65,"column":3}},"line":62},"5":{"name":"(anonymous_5)","decl":{"start":{"line":68,"column":2},"end":{"line":68,"column":3}},"loc":{"start":{"line":68,"column":57},"end":{"line":74,"column":3}},"line":68},"6":{"name":"(anonymous_6)","decl":{"start":{"line":77,"column":2},"end":{"line":77,"column":3}},"loc":{"start":{"line":77,"column":45},"end":{"line":82,"column":3}},"line":77},"7":{"name":"(anonymous_7)","decl":{"start":{"line":85,"column":2},"end":{"line":85,"column":3}},"loc":{"start":{"line":85,"column":40},"end":{"line":93,"column":3}},"line":85},"8":{"name":"(anonymous_8)","decl":{"start":{"line":96,"column":2},"end":{"line":96,"column":3}},"loc":{"start":{"line":96,"column":60},"end":{"line":104,"column":3}},"line":96},"9":{"name":"(anonymous_9)","decl":{"start":{"line":107,"column":2},"end":{"line":107,"column":3}},"loc":{"start":{"line":107,"column":69},"end":{"line":114,"column":3}},"line":107}},"branchMap":{"0":{"loc":{"start":{"line":17,"column":4},"end":{"line":19,"column":5}},"type":"if","locations":[{"start":{"line":17,"column":4},"end":{"line":19,"column":5}},{"start":{},"end":{}}],"line":17},"1":{"loc":{"start":{"line":39,"column":4},"end":{"line":52,"column":5}},"type":"if","locations":[{"start":{"line":39,"column":4},"end":{"line":52,"column":5}},{"start":{},"end":{}}],"line":39},"2":{"loc":{"start":{"line":48,"column":17},"end":{"line":48,"column":68}},"type":"cond-expr","locations":[{"start":{"line":48,"column":44},"end":{"line":48,"column":64}},{"start":{"line":48,"column":67},"end":{"line":48,"column":68}}],"line":48},"3":{"loc":{"start":{"line":58,"column":11},"end":{"line":58,"column":63}},"type":"binary-expr","locations":[{"start":{"line":58,"column":11},"end":{"line":58,"column":35}},{"start":{"line":58,"column":39},"end":{"line":58,"column":63}}],"line":58}},"s":{"0":1,"1":1,"2":0,"3":0,"4":0,"5":0,"6":0,"7":0,"8":0,"9":0,"10":0,"11":0,"12":0,"13":0,"14":0,"15":0,"16":0,"17":0,"18":0,"19":0,"20":0,"21":0,"22":0,"23":0,"24":0,"25":0,"26":0,"27":0,"28":0,"29":0,"30":0,"31":0,"32":0,"33":0,"34":0,"35":0,"36":0,"37":0,"38":0,"39":1},"f":{"0":0,"1":0,"2":0,"3":0,"4":0,"5":0,"6":0,"7":0,"8":0,"9":0},"b":{"0":[0,0],"1":[0,0],"2":[0,0],"3":[0,0]},"_coverageSchema":"1a1c01bbd47fc00a2c39e90264f33305004495a9","hash":"edb1dc03550da06dcaaee84f4653ae42ae759bb7"}
,"C:\\Users\\simon\\CyberDojo\\server\\Test\\dao\\testDAO.js": {"path":"C:\\Users\\simon\\CyberDojo\\server\\Test\\dao\\testDAO.js","statementMap":{"0":{"start":{"line":1,"column":20},"end":{"line":1,"column":51}},"1":{"start":{"line":6,"column":15},"end":{"line":6,"column":30}},"2":{"start":{"line":7,"column":18},"end":{"line":10,"column":16}},"3":{"start":{"line":12,"column":4},"end":{"line":12,"column":17}},"4":{"start":{"line":17,"column":15},"end":{"line":17,"column":30}},"5":{"start":{"line":19,"column":23},"end":{"line":24,"column":14}},"6":{"start":{"line":26,"column":17},"end":{"line":26,"column":62}},"7":{"start":{"line":27,"column":18},"end":{"line":27,"column":28}},"8":{"start":{"line":28,"column":4},"end":{"line":28,"column":23}},"9":{"start":{"line":30,"column":19},"end":{"line":30,"column":67}},"10":{"start":{"line":31,"column":4},"end":{"line":31,"column":29}},"11":{"start":{"line":36,"column":15},"end":{"line":36,"column":30}},"12":{"start":{"line":37,"column":4},"end":{"line":40,"column":7}},"13":{"start":{"line":45,"column":15},"end":{"line":45,"column":30}},"14":{"start":{"line":46,"column":4},"end":{"line":48,"column":60}},"15":{"start":{"line":53,"column":15},"end":{"line":53,"column":30}},"16":{"start":{"line":54,"column":4},"end":{"line":54,"column":65}},"17":{"start":{"line":59,"column":15},"end":{"line":59,"column":30}},"18":{"start":{"line":60,"column":19},"end":{"line":63,"column":5}},"19":{"start":{"line":65,"column":4},"end":{"line":65,"column":18}},"20":{"start":{"line":70,"column":0},"end":{"line":70,"column":25}}},"fnMap":{"0":{"name":"(anonymous_0)","decl":{"start":{"line":5,"column":2},"end":{"line":5,"column":3}},"loc":{"start":{"line":5,"column":42},"end":{"line":13,"column":3}},"line":5},"1":{"name":"(anonymous_1)","decl":{"start":{"line":16,"column":2},"end":{"line":16,"column":3}},"loc":{"start":{"line":16,"column":33},"end":{"line":32,"column":3}},"line":16},"2":{"name":"(anonymous_2)","decl":{"start":{"line":35,"column":2},"end":{"line":35,"column":3}},"loc":{"start":{"line":35,"column":60},"end":{"line":41,"column":3}},"line":35},"3":{"name":"(anonymous_3)","decl":{"start":{"line":44,"column":2},"end":{"line":44,"column":3}},"loc":{"start":{"line":44,"column":52},"end":{"line":49,"column":3}},"line":44},"4":{"name":"(anonymous_4)","decl":{"start":{"line":52,"column":2},"end":{"line":52,"column":3}},"loc":{"start":{"line":52,"column":35},"end":{"line":55,"column":3}},"line":52},"5":{"name":"(anonymous_5)","decl":{"start":{"line":58,"column":2},"end":{"line":58,"column":3}},"loc":{"start":{"line":58,"column":43},"end":{"line":66,"column":3}},"line":58}},"branchMap":{"0":{"loc":{"start":{"line":26,"column":17},"end":{"line":26,"column":62}},"type":"cond-expr","locations":[{"start":{"line":26,"column":41},"end":{"line":26,"column":58}},{"start":{"line":26,"column":61},"end":{"line":26,"column":62}}],"line":26}},"s":{"0":1,"1":0,"2":0,"3":0,"4":2,"5":2,"6":1,"7":1,"8":1,"9":1,"10":1,"11":0,"12":0,"13":0,"14":0,"15":0,"16":0,"17":0,"18":0,"19":0,"20":1},"f":{"0":0,"1":2,"2":0,"3":0,"4":0,"5":0},"b":{"0":[1,0]},"_coverageSchema":"1a1c01bbd47fc00a2c39e90264f33305004495a9","hash":"2ac17eda62cebf63f1fb161d07e1db0c4361c14b"}
}
